<?xml version="1.0" encoding="UTF-8"?>
<!-- Generated by org.testng.reporters.JUnitReportReporter -->
<testsuite hostname="DESKTOP-PLIMPO2" failures="0" tests="5" name="newRestApi.NewRestAPI.newApiClass" time="2.523" errors="0" timestamp="21 Mar 2022 10:07:09 GMT" skipped="0">
  <testcase classname="newRestApi.NewRestAPI.newApiClass" name="postMethod" time="2.305"/>
  <testcase classname="newRestApi.NewRestAPI.newApiClass" name="putMethod" time="0.061"/>
  <testcase classname="newRestApi.NewRestAPI.newApiClass" name="deleteMethod" time="0.044"/>
  <testcase classname="newRestApi.NewRestAPI.newApiClass" name="logInMethod" time="0.052"/>
  <testcase classname="newRestApi.NewRestAPI.newApiClass" name="logOutMethod" time="0.061"/>
</testsuite> <!-- newRestApi.NewRestAPI.newApiClass -->
